#
# A fatal error has been detected by the Java Runtime Environment:
#
#  EXCEPTION_ACCESS_VIOLATION (0xc0000005) at pc=0x00007fff0e8b3dc3, pid=7220, tid=7740
#
# JRE version: OpenJDK Runtime Environment Zulu23.32+11-CA (23.0.2+7) (build 23.0.2+7)
# Java VM: OpenJDK 64-Bit Server VM Zulu23.32+11-CA (23.0.2+7, mixed mode, sharing, tiered, compressed oops, compressed class ptrs, g1 gc, windows-amd64)
# Problematic frame:
# C  [awt.dll+0xc3dc3]
#
# No core dump will be written. Minidumps are not enabled by default on client versions of Windows
#
# If you would like to submit a bug report, please visit:
#   http://www.azul.com/support/
# The crash happened outside the Java Virtual Machine in native code.
# See problematic frame for where to report the bug.
#

---------------  S U M M A R Y ------------

Command Line: -Dfile.encoding=UTF-8 --module-path=D:\Java Project\Student_Registaion_System\build\classes Students.Admin

Host: Intel(R) Core(TM) i3-7100U CPU @ 2.40GHz, 4 cores, 7G,  Windows 10 , 64 bit Build 19041 (10.0.19041.5198)
Time: Fri Jan 31 13:28:39 2025 Sri Lanka Standard Time elapsed time: 186.847009 seconds (0d 0h 3m 6s)

---------------  T H R E A D  ---------------

Current thread (0x0000027ed410b5a0):  JavaThread "AWT-Windows" daemon [_thread_in_native, id=7740, stack(0x000000c0c4d00000,0x000000c0c4e00000) (1024K)]

Stack: [0x000000c0c4d00000,0x000000c0c4e00000],  sp=0x000000c0c4dfe8a8,  free space=1018k
Native frames: (J=compiled Java code, j=interpreted, Vv=VM code, C=native code)
C  [awt.dll+0xc3dc3]  (no source info available)

Java frames: (J=compiled Java code, j=interpreted, Vv=VM code)
j  sun.awt.windows.WToolkit.eventLoop()V+0 java.desktop@23.0.2
j  sun.awt.windows.WToolkit.run()V+50 java.desktop@23.0.2
j  java.lang.Thread.runWith(Ljava/lang/Object;Ljava/lang/Runnable;)V+5 java.base@23.0.2
j  java.lang.Thread.run()V+19 java.base@23.0.2
v  ~StubRoutines::call_stub 0x0000027e87530fcd

siginfo: EXCEPTION_ACCESS_VIOLATION (0xc0000005), reading address 0x0000000000000c23


Registers:
RAX=0x0000000018010701, RBX=0x0000027ed65ccbc0, RCX=0x000000000000001b, RDX=0x0000000018010701
RSP=0x000000c0c4dfe8a8, RBP=0x000000c0c4dfe9b9, RSI=0x0000000018010701, RDI=0x0000000000000000
R8 =0x0000000000000001, R9 =0x000000c0c4dfe9b9, R10=0x0000000000000000, R11=0x0000000000000246
R12=0x0000000000000000, R13=0x0000000000000310, R14=0x0000000000000000, R15=0x0000000000000000
RIP=0x00007fff0e8b3dc3, EFLAGS=0x0000000000010206


Register to memory mapping:

RAX=0x0000000018010701 is an unknown value
RBX=0x0000027ed65ccbc0 points into unknown readable memory: 0x0000027ed5ae4140 | 40 41 ae d5 7e 02 00 00
RCX=0x000000000000001b is an unknown value
RDX=0x0000000018010701 is an unknown value
RSP=0x000000c0c4dfe8a8 is pointing into the stack for thread: 0x0000027ed410b5a0
RBP=0x000000c0c4dfe9b9 is pointing into the stack for thread: 0x0000027ed410b5a0
RSI=0x0000000018010701 is an unknown value
RDI=0x0 is null
R8 =0x0000000000000001 is an unknown value
R9 =0x000000c0c4dfe9b9 is pointing into the stack for thread: 0x0000027ed410b5a0
R10=0x0 is null
R11=0x0000000000000246 is an unknown value
R12=0x0 is null
R13=0x0000000000000310 is an unknown value
R14=0x0 is null
R15=0x0 is null

Top of Stack: (sp=0x000000c0c4dfe8a8)
0x000000c0c4dfe8a8:   00007fff0e8cc0f2 00007fff0e929838
0x000000c0c4dfe8b8:   0000000018010701 0000000000000000
0x000000c0c4dfe8c8:   0000000000000000 0000000000000000
0x000000c0c4dfe8d8:   00007fff0e887a0c 0000000018010701
0x000000c0c4dfe8e8:   0000027ed5b3e860 0000027ed65ccbc0
0x000000c0c4dfe8f8:   00007fff4c5be9de 0000000000000000
0x000000c0c4dfe908:   00007fff0e887ab6 0000027ed5b3e860
0x000000c0c4dfe918:   00007fff0e7f0000 0000000000000000
0x000000c0c4dfe928:   0000000000000000 0000000000000000
0x000000c0c4dfe938:   00007fff0e884e9f 0000027ed5b3e860
0x000000c0c4dfe948:   0000000000000000 0000000000000000
0x000000c0c4dfe958:   000000c0c4dfeca0 000000000000c179
0x000000c0c4dfe968:   0000000000000000 0000000000000000
0x000000c0c4dfe978:   0000027e8753bdc0 0000000000000000
0x000000c0c4dfe988:   00007fff495c9aaa 0000000000000000
0x000000c0c4dfe998:   00007fff4cb69877 000000c0c4dfea60
0x000000c0c4dfe9a8:   0000027ed410b960 0000027ed5b3e900
0x000000c0c4dfe9b8:   0000000000000000 0000027ed410b5a0
0x000000c0c4dfe9c8:   0000a2159109ff3c 0000000000000001
0x000000c0c4dfe9d8:   0000000000000000 0000000000000000
0x000000c0c4dfe9e8:   0000000000000000 0000000000000000
0x000000c0c4dfe9f8:   0000000000000310 0000000000000000
0x000000c0c4dfea08:   0000027ed5b3e860 0000027ed5b3e860
0x000000c0c4dfea18:   00007fff0e8d121c 0000000000000001
0x000000c0c4dfea28:   0000000000000000 0000000000000000
0x000000c0c4dfea38:   00007fff4c5bca9b 000000000000c179
0x000000c0c4dfea48:   0000000003000556 0000000000000000
0x000000c0c4dfea58:   00000000000604b4 0000027eec9c4700
0x000000c0c4dfea68:   00007fff4c5c0317 0000000000000000
0x000000c0c4dfea78:   00007fff4cb69993 000000c0c3250800
0x000000c0c4dfea88:   00000000ffffffeb 0000000000000000
0x000000c0c4dfea98:   0000a2159109fc5c 000000c0c4dfeca0 

Instructions: (pc=0x00007fff0e8b3dc3)
0x00007fff0e8b3cc3:   00 00 0f 11 40 80 0f 10 41 a0 0f 11 48 90 0f 10
0x00007fff0e8b3cd3:   49 b0 0f 11 40 a0 0f 10 41 c0 0f 11 48 b0 0f 10
0x00007fff0e8b3ce3:   49 d0 0f 11 40 c0 0f 10 41 e0 0f 11 48 d0 0f 10
0x00007fff0e8b3cf3:   49 f0 0f 11 40 e0 0f 11 48 f0 48 83 ea 01 75 ad
0x00007fff0e8b3d03:   0f 10 01 0f 10 49 10 0f 11 00 0f 10 41 20 0f 11
0x00007fff0e8b3d13:   48 10 0f 11 40 20 49 8b ce 41 c7 06 00 03 00 01
0x00007fff0e8b3d23:   bb 00 01 00 00 ff 15 aa e8 07 00 4c 8b c6 48 89
0x00007fff0e8b3d33:   86 08 0c 00 00 4c 2b c7 48 8d 57 02 90 0f b6 42
0x00007fff0e8b3d43:   ff 0f b6 4a fe 48 8d 52 04 c1 e1 08 0b c8 0f b6
0x00007fff0e8b3d53:   42 fc c1 e1 08 0b c8 81 c9 00 00 00 ff 41 89 4c
0x00007fff0e8b3d63:   10 fa 48 83 eb 01 75 d5 49 8b ce e8 95 7c 02 00
0x00007fff0e8b3d73:   48 8b 5c 24 30 48 8b c6 48 8b 74 24 38 48 8b 7c
0x00007fff0e8b3d83:   24 40 48 83 c4 20 41 5e c3 cc cc cc cc 48 83 b9
0x00007fff0e8b3d93:   08 0c 00 00 00 74 1c 83 3d 2b 02 08 00 00 75 09
0x00007fff0e8b3da3:   83 3d 2e 23 08 00 00 74 0a 48 8b ca 48 ff 25 3a
0x00007fff0e8b3db3:   e8 07 00 c3 cc cc cc cc cc cc cc cc cc 48 8b c2
0x00007fff0e8b3dc3:   48 8b 91 08 0c 00 00 48 85 d2 74 0d 45 33 c0 48
0x00007fff0e8b3dd3:   8b c8 48 ff 25 1c e8 07 00 33 c0 c3 cc 48 89 5c
0x00007fff0e8b3de3:   24 10 48 89 6c 24 18 48 89 74 24 20 57 41 54 41
0x00007fff0e8b3df3:   55 41 56 41 57 48 81 ec 30 05 00 00 48 8b 05 ca
0x00007fff0e8b3e03:   da 07 00 48 33 c4 48 89 84 24 20 05 00 00 48 8b
0x00007fff0e8b3e13:   f9 48 8b 89 10 0c 00 00 e8 80 75 01 00 48 8b f0
0x00007fff0e8b3e23:   48 85 c0 0f 84 61 03 00 00 ba 0c 00 00 00 48 8b
0x00007fff0e8b3e33:   c8 ff 15 b6 e6 07 00 48 8b 8f 10 0c 00 00 48 8b
0x00007fff0e8b3e43:   d6 8b d8 e8 85 7d 01 00 83 fb 08 0f 85 39 03 00
0x00007fff0e8b3e53:   00 48 8b 8f 10 0c 00 00 e8 40 75 01 00 41 bd 00
0x00007fff0e8b3e63:   01 00 00 4c 8d 4c 24 20 45 8b c5 33 d2 48 8b c8
0x00007fff0e8b3e73:   48 8b e8 ff 15 34 e8 07 00 45 33 e4 8b f0 85 c0
0x00007fff0e8b3e83:   0f 8f e9 00 00 00 b9 08 04 00 00 e8 7d 7b 02 00
0x00007fff0e8b3e93:   48 8b d8 48 85 c0 75 08 41 8b f4 e9 cf 00 00 00
0x00007fff0e8b3ea3:   c7 00 00 03 00 01 41 8b cc 48 83 c0 05 88 48 ff
0x00007fff0e8b3eb3:   ff c1 66 44 89 20 c6 40 02 02 48 8d 40 04 41 3b 


Stack slot to memory mapping:

stack at sp + 0 slots: 0x00007fff0e8cc0f2 awt.dll
stack at sp + 1 slots: 0x00007fff0e929838 awt.dll
stack at sp + 2 slots: 0x0000000018010701 is an unknown value
stack at sp + 3 slots: 0x0 is null
stack at sp + 4 slots: 0x0 is null
stack at sp + 5 slots: 0x0 is null
stack at sp + 6 slots: 0x00007fff0e887a0c awt.dll
stack at sp + 7 slots: 0x0000000018010701 is an unknown value

Lock stack of current Java thread (top to bottom):


---------------  P R O C E S S  ---------------

Threads class SMR info:
_java_thread_list=0x0000027ed6274a50, length=16, elements={
0x0000027efcd802b0, 0x0000027efcd811d0, 0x0000027efcd85200, 0x0000027efcd85c60,
0x0000027efcd8e6d0, 0x0000027efcdb4650, 0x0000027efcdb73f0, 0x0000027efcdb7ea0,
0x0000027ed4108e40, 0x0000027ed4109b60, 0x0000027ed41094d0, 0x0000027ed410a1f0,
0x0000027ed410b5a0, 0x0000027ed410a880, 0x0000027ed410af10, 0x0000027ed63b6c80
}

Java Threads: ( => current thread )
  0x0000027efcd802b0 JavaThread "Reference Handler"          daemon [_thread_blocked, id=8060, stack(0x000000c0c4000000,0x000000c0c4100000) (1024K)]
  0x0000027efcd811d0 JavaThread "Finalizer"                  daemon [_thread_blocked, id=8384, stack(0x000000c0c4100000,0x000000c0c4200000) (1024K)]
  0x0000027efcd85200 JavaThread "Signal Dispatcher"          daemon [_thread_blocked, id=1056, stack(0x000000c0c4200000,0x000000c0c4300000) (1024K)]
  0x0000027efcd85c60 JavaThread "Attach Listener"            daemon [_thread_blocked, id=8860, stack(0x000000c0c4300000,0x000000c0c4400000) (1024K)]
  0x0000027efcd8e6d0 JavaThread "Service Thread"             daemon [_thread_blocked, id=6272, stack(0x000000c0c4400000,0x000000c0c4500000) (1024K)]
  0x0000027efcdb4650 JavaThread "Monitor Deflation Thread"   daemon [_thread_blocked, id=6728, stack(0x000000c0c4500000,0x000000c0c4600000) (1024K)]
  0x0000027efcdb73f0 JavaThread "C2 CompilerThread0"         daemon [_thread_blocked, id=7056, stack(0x000000c0c4600000,0x000000c0c4700000) (1024K)]
  0x0000027efcdb7ea0 JavaThread "C1 CompilerThread0"         daemon [_thread_blocked, id=3960, stack(0x000000c0c4700000,0x000000c0c4800000) (1024K)]
  0x0000027ed4108e40 JavaThread "Common-Cleaner"             daemon [_thread_blocked, id=5436, stack(0x000000c0c4800000,0x000000c0c4900000) (1024K)]
  0x0000027ed4109b60 JavaThread "Notification Thread"        daemon [_thread_blocked, id=4356, stack(0x000000c0c4a00000,0x000000c0c4b00000) (1024K)]
  0x0000027ed41094d0 JavaThread "Java2D Disposer"            daemon [_thread_blocked, id=4164, stack(0x000000c0c4b00000,0x000000c0c4c00000) (1024K)]
  0x0000027ed410a1f0 JavaThread "AWT-Shutdown"                      [_thread_blocked, id=2516, stack(0x000000c0c4c00000,0x000000c0c4d00000) (1024K)]
=>0x0000027ed410b5a0 JavaThread "AWT-Windows"                daemon [_thread_in_native, id=7740, stack(0x000000c0c4d00000,0x000000c0c4e00000) (1024K)]
  0x0000027ed410a880 JavaThread "AWT-EventQueue-0"                  [_thread_in_native, id=7428, stack(0x000000c0c4e00000,0x000000c0c4f00000) (1024K)]
  0x0000027ed410af10 JavaThread "DestroyJavaVM"                     [_thread_blocked, id=9208, stack(0x000000c0c3800000,0x000000c0c3900000) (1024K)]
  0x0000027ed63b6c80 JavaThread "TimerQueue"                 daemon [_thread_blocked, id=8796, stack(0x000000c0c5500000,0x000000c0c5600000) (1024K)]
Total: 16

Other Threads:
  0x0000027efcd645b0 VMThread "VM Thread"                           [id=5700, stack(0x000000c0c3f00000,0x000000c0c4000000) (1024K)]
  0x0000027efcd54350 WatcherThread "VM Periodic Task Thread"        [id=7400, stack(0x000000c0c3e00000,0x000000c0c3f00000) (1024K)]
  0x0000027eee7371f0 WorkerThread "GC Thread#0"                     [id=8376, stack(0x000000c0c3900000,0x000000c0c3a00000) (1024K)]
  0x0000027ed5cd4f90 WorkerThread "GC Thread#1"                     [id=3976, stack(0x000000c0c5200000,0x000000c0c5300000) (1024K)]
  0x0000027ed5cd5340 WorkerThread "GC Thread#2"                     [id=2376, stack(0x000000c0c5300000,0x000000c0c5400000) (1024K)]
  0x0000027ed5ce3c40 WorkerThread "GC Thread#3"                     [id=3036, stack(0x000000c0c5400000,0x000000c0c5500000) (1024K)]
  0x0000027eee74bef0 ConcurrentGCThread "G1 Main Marker"            [id=5924, stack(0x000000c0c3a00000,0x000000c0c3b00000) (1024K)]
  0x0000027eee74d1a0 WorkerThread "G1 Conc#0"                       [id=5056, stack(0x000000c0c3b00000,0x000000c0c3c00000) (1024K)]
  0x0000027efcc2a100 ConcurrentGCThread "G1 Refine#0"               [id=3456, stack(0x000000c0c3c00000,0x000000c0c3d00000) (1024K)]
  0x0000027efcc2ab90 ConcurrentGCThread "G1 Service"                [id=8988, stack(0x000000c0c3d00000,0x000000c0c3e00000) (1024K)]
Total: 10

Threads with active compile tasks:
Total: 0

VM state: not at safepoint (normal execution)

VM Mutex/Monitor currently owned by a thread: None

Heap address: 0x0000000082000000, size: 2016 MB, Compressed Oops mode: 32-bit

CDS archive(s) mapped at: [0x0000027e8f000000-0x0000027e8fd80000-0x0000027e8fd80000), size 14155776, SharedBaseAddress: 0x0000027e8f000000, ArchiveRelocationMode: 1.
Compressed class space mapped at: 0x0000027e90000000-0x0000027ed0000000, reserved size: 1073741824
Narrow klass base: 0x0000027e8f000000, Narrow klass shift: 0, Narrow klass range: 0x41000000

GC Precious Log:
 CardTable entry size: 512
 Card Set container configuration: InlinePtr #cards 5 size 8 Array Of Cards #cards 10 size 36 Howl #buckets 4 coarsen threshold 1843 Howl Bitmap #cards 512 size 80 coarsen threshold 460 Card regions per heap region 1 cards per card region 2048
 CPUs: 4 total, 4 available
 Memory: 8057M
 Large Page Support: Disabled
 NUMA Support: Disabled
 Compressed Oops: Enabled (32-bit)
 Heap Region Size: 1M
 Heap Min Capacity: 8M
 Heap Initial Capacity: 126M
 Heap Max Capacity: 2016M
 Pre-touch: Disabled
 Parallel Workers: 4
 Concurrent Workers: 1
 Concurrent Refinement Workers: 4
 Periodic GC: Disabled

Heap:
 garbage-first heap   total reserved 2064384K, committed 129024K, used 28699K [0x0000000082000000, 0x0000000100000000)
  region size 1024K, 15 young (15360K), 1 survivors (1024K)
 Metaspace       used 12960K, committed 13248K, reserved 1114112K
  class space    used 1420K, committed 1536K, reserved 1048576K

Heap Regions: E=young(eden), S=young(survivor), O=old, HS=humongous(starts), HC=humongous(continues), CS=collection set, F=free, TAMS=top-at-mark-start, PB=parsable bottom
|   0|0x0000000082000000, 0x0000000082100000, 0x0000000082100000|100%|HS|  |TAMS 0x0000000082000000| PB 0x0000000082000000| Complete |  0
|   1|0x0000000082100000, 0x0000000082200000, 0x0000000082200000|100%|HC|  |TAMS 0x0000000082100000| PB 0x0000000082100000| Complete |  0
|   2|0x0000000082200000, 0x0000000082300000, 0x0000000082300000|100%|HC|  |TAMS 0x0000000082200000| PB 0x0000000082200000| Complete |  0
|   3|0x0000000082300000, 0x0000000082400000, 0x0000000082400000|100%|HC|  |TAMS 0x0000000082300000| PB 0x0000000082300000| Complete |  0
|   4|0x0000000082400000, 0x0000000082500000, 0x0000000082500000|100%| O|  |TAMS 0x0000000082400000| PB 0x0000000082400000| Untracked |  0
|   5|0x0000000082500000, 0x0000000082600000, 0x0000000082600000|100%| O|  |TAMS 0x0000000082500000| PB 0x0000000082500000| Untracked |  0
|   6|0x0000000082600000, 0x0000000082700000, 0x0000000082700000|100%| O|  |TAMS 0x0000000082600000| PB 0x0000000082600000| Untracked |  0
|   7|0x0000000082700000, 0x0000000082800000, 0x0000000082800000|100%| O|  |TAMS 0x0000000082700000| PB 0x0000000082700000| Untracked |  0
|   8|0x0000000082800000, 0x0000000082900000, 0x0000000082900000|100%| O|  |TAMS 0x0000000082800000| PB 0x0000000082800000| Untracked |  0
|   9|0x0000000082900000, 0x00000000829b1008, 0x0000000082a00000| 69%| O|  |TAMS 0x0000000082900000| PB 0x0000000082900000| Untracked |  0
|  10|0x0000000082a00000, 0x0000000082b00000, 0x0000000082b00000|100%|HS|  |TAMS 0x0000000082a00000| PB 0x0000000082a00000| Complete |  0
|  11|0x0000000082b00000, 0x0000000082c00000, 0x0000000082c00000|100%|HC|  |TAMS 0x0000000082b00000| PB 0x0000000082b00000| Complete |  0
|  12|0x0000000082c00000, 0x0000000082d00000, 0x0000000082d00000|100%|HC|  |TAMS 0x0000000082c00000| PB 0x0000000082c00000| Complete |  0
|  13|0x0000000082d00000, 0x0000000082e00000, 0x0000000082e00000|100%|HC|  |TAMS 0x0000000082d00000| PB 0x0000000082d00000| Complete |  0
|  14|0x0000000082e00000, 0x0000000082f00000, 0x0000000082f00000|100%|HC|  |TAMS 0x0000000082e00000| PB 0x0000000082e00000| Complete |  0
|  15|0x0000000082f00000, 0x0000000082f00000, 0x0000000083000000|  0%| F|  |TAMS 0x0000000082f00000| PB 0x0000000082f00000| Untracked |  0
|  16|0x0000000083000000, 0x0000000083000000, 0x0000000083100000|  0%| F|  |TAMS 0x0000000083000000| PB 0x0000000083000000| Untracked |  0
|  17|0x0000000083100000, 0x0000000083100000, 0x0000000083200000|  0%| F|  |TAMS 0x0000000083100000| PB 0x0000000083100000| Untracked |  0
|  18|0x0000000083200000, 0x0000000083200000, 0x0000000083300000|  0%| F|  |TAMS 0x0000000083200000| PB 0x0000000083200000| Untracked |  0
|  19|0x0000000083300000, 0x0000000083300000, 0x0000000083400000|  0%| F|  |TAMS 0x0000000083300000| PB 0x0000000083300000| Untracked |  0
|  20|0x0000000083400000, 0x0000000083400000, 0x0000000083500000|  0%| F|  |TAMS 0x0000000083400000| PB 0x0000000083400000| Untracked |  0
|  21|0x0000000083500000, 0x0000000083500000, 0x0000000083600000|  0%| F|  |TAMS 0x0000000083500000| PB 0x0000000083500000| Untracked |  0
|  22|0x0000000083600000, 0x0000000083600000, 0x0000000083700000|  0%| F|  |TAMS 0x0000000083600000| PB 0x0000000083600000| Untracked |  0
|  23|0x0000000083700000, 0x0000000083700000, 0x0000000083800000|  0%| F|  |TAMS 0x0000000083700000| PB 0x0000000083700000| Untracked |  0
|  24|0x0000000083800000, 0x0000000083800000, 0x0000000083900000|  0%| F|  |TAMS 0x0000000083800000| PB 0x0000000083800000| Untracked |  0
|  25|0x0000000083900000, 0x0000000083900000, 0x0000000083a00000|  0%| F|  |TAMS 0x0000000083900000| PB 0x0000000083900000| Untracked |  0
|  26|0x0000000083a00000, 0x0000000083a00000, 0x0000000083b00000|  0%| F|  |TAMS 0x0000000083a00000| PB 0x0000000083a00000| Untracked |  0
|  27|0x0000000083b00000, 0x0000000083b00000, 0x0000000083c00000|  0%| F|  |TAMS 0x0000000083b00000| PB 0x0000000083b00000| Untracked |  0
|  28|0x0000000083c00000, 0x0000000083c00000, 0x0000000083d00000|  0%| F|  |TAMS 0x0000000083c00000| PB 0x0000000083c00000| Untracked |  0
|  29|0x0000000083d00000, 0x0000000083d00000, 0x0000000083e00000|  0%| F|  |TAMS 0x0000000083d00000| PB 0x0000000083d00000| Untracked |  0
|  30|0x0000000083e00000, 0x0000000083e00000, 0x0000000083f00000|  0%| F|  |TAMS 0x0000000083e00000| PB 0x0000000083e00000| Untracked |  0
|  31|0x0000000083f00000, 0x0000000083f00000, 0x0000000084000000|  0%| F|  |TAMS 0x0000000083f00000| PB 0x0000000083f00000| Untracked |  0
|  32|0x0000000084000000, 0x0000000084000000, 0x0000000084100000|  0%| F|  |TAMS 0x0000000084000000| PB 0x0000000084000000| Untracked |  0
|  33|0x0000000084100000, 0x0000000084100000, 0x0000000084200000|  0%| F|  |TAMS 0x0000000084100000| PB 0x0000000084100000| Untracked |  0
|  34|0x0000000084200000, 0x0000000084200000, 0x0000000084300000|  0%| F|  |TAMS 0x0000000084200000| PB 0x0000000084200000| Untracked |  0
|  35|0x0000000084300000, 0x0000000084300000, 0x0000000084400000|  0%| F|  |TAMS 0x0000000084300000| PB 0x0000000084300000| Untracked |  0
|  36|0x0000000084400000, 0x0000000084400000, 0x0000000084500000|  0%| F|  |TAMS 0x0000000084400000| PB 0x0000000084400000| Untracked |  0
|  37|0x0000000084500000, 0x0000000084500000, 0x0000000084600000|  0%| F|  |TAMS 0x0000000084500000| PB 0x0000000084500000| Untracked |  0
|  38|0x0000000084600000, 0x0000000084600000, 0x0000000084700000|  0%| F|  |TAMS 0x0000000084600000| PB 0x0000000084600000| Untracked |  0
|  39|0x0000000084700000, 0x0000000084700000, 0x0000000084800000|  0%| F|  |TAMS 0x0000000084700000| PB 0x0000000084700000| Untracked |  0
|  40|0x0000000084800000, 0x0000000084800000, 0x0000000084900000|  0%| F|  |TAMS 0x0000000084800000| PB 0x0000000084800000| Untracked |  0
|  41|0x0000000084900000, 0x0000000084900000, 0x0000000084a00000|  0%| F|  |TAMS 0x0000000084900000| PB 0x0000000084900000| Untracked |  0
|  42|0x0000000084a00000, 0x0000000084a00000, 0x0000000084b00000|  0%| F|  |TAMS 0x0000000084a00000| PB 0x0000000084a00000| Untracked |  0
|  43|0x0000000084b00000, 0x0000000084b00000, 0x0000000084c00000|  0%| F|  |TAMS 0x0000000084b00000| PB 0x0000000084b00000| Untracked |  0
|  44|0x0000000084c00000, 0x0000000084c00000, 0x0000000084d00000|  0%| F|  |TAMS 0x0000000084c00000| PB 0x0000000084c00000| Untracked |  0
|  45|0x0000000084d00000, 0x0000000084d00000, 0x0000000084e00000|  0%| F|  |TAMS 0x0000000084d00000| PB 0x0000000084d00000| Untracked |  0
|  46|0x0000000084e00000, 0x0000000084e00000, 0x0000000084f00000|  0%| F|  |TAMS 0x0000000084e00000| PB 0x0000000084e00000| Untracked |  0
|  47|0x0000000084f00000, 0x0000000084f00000, 0x0000000085000000|  0%| F|  |TAMS 0x0000000084f00000| PB 0x0000000084f00000| Untracked |  0
|  48|0x0000000085000000, 0x0000000085000000, 0x0000000085100000|  0%| F|  |TAMS 0x0000000085000000| PB 0x0000000085000000| Untracked |  0
|  49|0x0000000085100000, 0x0000000085100000, 0x0000000085200000|  0%| F|  |TAMS 0x0000000085100000| PB 0x0000000085100000| Untracked |  0
|  50|0x0000000085200000, 0x0000000085200000, 0x0000000085300000|  0%| F|  |TAMS 0x0000000085200000| PB 0x0000000085200000| Untracked |  0
|  51|0x0000000085300000, 0x0000000085300000, 0x0000000085400000|  0%| F|  |TAMS 0x0000000085300000| PB 0x0000000085300000| Untracked |  0
|  52|0x0000000085400000, 0x0000000085400000, 0x0000000085500000|  0%| F|  |TAMS 0x0000000085400000| PB 0x0000000085400000| Untracked |  0
|  53|0x0000000085500000, 0x0000000085500000, 0x0000000085600000|  0%| F|  |TAMS 0x0000000085500000| PB 0x0000000085500000| Untracked |  0
|  54|0x0000000085600000, 0x0000000085600000, 0x0000000085700000|  0%| F|  |TAMS 0x0000000085600000| PB 0x0000000085600000| Untracked |  0
|  55|0x0000000085700000, 0x0000000085700000, 0x0000000085800000|  0%| F|  |TAMS 0x0000000085700000| PB 0x0000000085700000| Untracked |  0
|  56|0x0000000085800000, 0x0000000085800000, 0x0000000085900000|  0%| F|  |TAMS 0x0000000085800000| PB 0x0000000085800000| Untracked |  0
|  57|0x0000000085900000, 0x0000000085900000, 0x0000000085a00000|  0%| F|  |TAMS 0x0000000085900000| PB 0x0000000085900000| Untracked |  0
|  58|0x0000000085a00000, 0x0000000085a00000, 0x0000000085b00000|  0%| F|  |TAMS 0x0000000085a00000| PB 0x0000000085a00000| Untracked |  0
|  59|0x0000000085b00000, 0x0000000085b00000, 0x0000000085c00000|  0%| F|  |TAMS 0x0000000085b00000| PB 0x0000000085b00000| Untracked |  0
|  60|0x0000000085c00000, 0x0000000085c55f30, 0x0000000085d00000| 33%| S|CS|TAMS 0x0000000085c00000| PB 0x0000000085c00000| Complete |  0
|  61|0x0000000085d00000, 0x0000000085d00000, 0x0000000085e00000|  0%| F|  |TAMS 0x0000000085d00000| PB 0x0000000085d00000| Untracked |  0
|  62|0x0000000085e00000, 0x0000000085e00000, 0x0000000085f00000|  0%| F|  |TAMS 0x0000000085e00000| PB 0x0000000085e00000| Untracked |  0
|  63|0x0000000085f00000, 0x0000000085f00000, 0x0000000086000000|  0%| F|  |TAMS 0x0000000085f00000| PB 0x0000000085f00000| Untracked |  0
|  64|0x0000000086000000, 0x0000000086000000, 0x0000000086100000|  0%| F|  |TAMS 0x0000000086000000| PB 0x0000000086000000| Untracked |  0
|  65|0x0000000086100000, 0x0000000086100000, 0x0000000086200000|  0%| F|  |TAMS 0x0000000086100000| PB 0x0000000086100000| Untracked |  0
|  66|0x0000000086200000, 0x0000000086200000, 0x0000000086300000|  0%| F|  |TAMS 0x0000000086200000| PB 0x0000000086200000| Untracked |  0
|  67|0x0000000086300000, 0x0000000086300000, 0x0000000086400000|  0%| F|  |TAMS 0x0000000086300000| PB 0x0000000086300000| Untracked |  0
|  68|0x0000000086400000, 0x0000000086400000, 0x0000000086500000|  0%| F|  |TAMS 0x0000000086400000| PB 0x0000000086400000| Untracked |  0
|  69|0x0000000086500000, 0x0000000086500000, 0x0000000086600000|  0%| F|  |TAMS 0x0000000086500000| PB 0x0000000086500000| Untracked |  0
|  70|0x0000000086600000, 0x0000000086600000, 0x0000000086700000|  0%| F|  |TAMS 0x0000000086600000| PB 0x0000000086600000| Untracked |  0
|  71|0x0000000086700000, 0x0000000086700000, 0x0000000086800000|  0%| F|  |TAMS 0x0000000086700000| PB 0x0000000086700000| Untracked |  0
|  72|0x0000000086800000, 0x0000000086800000, 0x0000000086900000|  0%| F|  |TAMS 0x0000000086800000| PB 0x0000000086800000| Untracked |  0
|  73|0x0000000086900000, 0x0000000086900000, 0x0000000086a00000|  0%| F|  |TAMS 0x0000000086900000| PB 0x0000000086900000| Untracked |  0
|  74|0x0000000086a00000, 0x0000000086a00000, 0x0000000086b00000|  0%| F|  |TAMS 0x0000000086a00000| PB 0x0000000086a00000| Untracked |  0
|  75|0x0000000086b00000, 0x0000000086b00000, 0x0000000086c00000|  0%| F|  |TAMS 0x0000000086b00000| PB 0x0000000086b00000| Untracked |  0
|  76|0x0000000086c00000, 0x0000000086c00000, 0x0000000086d00000|  0%| F|  |TAMS 0x0000000086c00000| PB 0x0000000086c00000| Untracked |  0
|  77|0x0000000086d00000, 0x0000000086d00000, 0x0000000086e00000|  0%| F|  |TAMS 0x0000000086d00000| PB 0x0000000086d00000| Untracked |  0
|  78|0x0000000086e00000, 0x0000000086e00000, 0x0000000086f00000|  0%| F|  |TAMS 0x0000000086e00000| PB 0x0000000086e00000| Untracked |  0
|  79|0x0000000086f00000, 0x0000000086f00000, 0x0000000087000000|  0%| F|  |TAMS 0x0000000086f00000| PB 0x0000000086f00000| Untracked |  0
|  80|0x0000000087000000, 0x0000000087000000, 0x0000000087100000|  0%| F|  |TAMS 0x0000000087000000| PB 0x0000000087000000| Untracked |  0
|  81|0x0000000087100000, 0x0000000087100000, 0x0000000087200000|  0%| F|  |TAMS 0x0000000087100000| PB 0x0000000087100000| Untracked |  0
|  82|0x0000000087200000, 0x0000000087200000, 0x0000000087300000|  0%| F|  |TAMS 0x0000000087200000| PB 0x0000000087200000| Untracked |  0
|  83|0x0000000087300000, 0x0000000087300000, 0x0000000087400000|  0%| F|  |TAMS 0x0000000087300000| PB 0x0000000087300000| Untracked |  0
|  84|0x0000000087400000, 0x0000000087400000, 0x0000000087500000|  0%| F|  |TAMS 0x0000000087400000| PB 0x0000000087400000| Untracked |  0
|  85|0x0000000087500000, 0x0000000087500000, 0x0000000087600000|  0%| F|  |TAMS 0x0000000087500000| PB 0x0000000087500000| Untracked |  0
|  86|0x0000000087600000, 0x0000000087600000, 0x0000000087700000|  0%| F|  |TAMS 0x0000000087600000| PB 0x0000000087600000| Untracked |  0
|  87|0x0000000087700000, 0x0000000087700000, 0x0000000087800000|  0%| F|  |TAMS 0x0000000087700000| PB 0x0000000087700000| Untracked |  0
|  88|0x0000000087800000, 0x0000000087800000, 0x0000000087900000|  0%| F|  |TAMS 0x0000000087800000| PB 0x0000000087800000| Untracked |  0
|  89|0x0000000087900000, 0x0000000087900000, 0x0000000087a00000|  0%| F|  |TAMS 0x0000000087900000| PB 0x0000000087900000| Untracked |  0
|  90|0x0000000087a00000, 0x0000000087a00000, 0x0000000087b00000|  0%| F|  |TAMS 0x0000000087a00000| PB 0x0000000087a00000| Untracked |  0
|  91|0x0000000087b00000, 0x0000000087b00000, 0x0000000087c00000|  0%| F|  |TAMS 0x0000000087b00000| PB 0x0000000087b00000| Untracked |  0
|  92|0x0000000087c00000, 0x0000000087c00000, 0x0000000087d00000|  0%| F|  |TAMS 0x0000000087c00000| PB 0x0000000087c00000| Untracked |  0
|  93|0x0000000087d00000, 0x0000000087d00000, 0x0000000087e00000|  0%| F|  |TAMS 0x0000000087d00000| PB 0x0000000087d00000| Untracked |  0
|  94|0x0000000087e00000, 0x0000000087e00000, 0x0000000087f00000|  0%| F|  |TAMS 0x0000000087e00000| PB 0x0000000087e00000| Untracked |  0
|  95|0x0000000087f00000, 0x0000000087f00000, 0x0000000088000000|  0%| F|  |TAMS 0x0000000087f00000| PB 0x0000000087f00000| Untracked |  0
|  96|0x0000000088000000, 0x0000000088000000, 0x0000000088100000|  0%| F|  |TAMS 0x0000000088000000| PB 0x0000000088000000| Untracked |  0
|  97|0x0000000088100000, 0x0000000088100000, 0x0000000088200000|  0%| F|  |TAMS 0x0000000088100000| PB 0x0000000088100000| Untracked |  0
|  98|0x0000000088200000, 0x0000000088200000, 0x0000000088300000|  0%| F|  |TAMS 0x0000000088200000| PB 0x0000000088200000| Untracked |  0
|  99|0x0000000088300000, 0x0000000088300000, 0x0000000088400000|  0%| F|  |TAMS 0x0000000088300000| PB 0x0000000088300000| Untracked |  0
| 100|0x0000000088400000, 0x0000000088400000, 0x0000000088500000|  0%| F|  |TAMS 0x0000000088400000| PB 0x0000000088400000| Untracked |  0
| 101|0x0000000088500000, 0x0000000088500000, 0x0000000088600000|  0%| F|  |TAMS 0x0000000088500000| PB 0x0000000088500000| Untracked |  0
| 102|0x0000000088600000, 0x0000000088600000, 0x0000000088700000|  0%| F|  |TAMS 0x0000000088600000| PB 0x0000000088600000| Untracked |  0
| 103|0x0000000088700000, 0x0000000088700000, 0x0000000088800000|  0%| F|  |TAMS 0x0000000088700000| PB 0x0000000088700000| Untracked |  0
| 104|0x0000000088800000, 0x0000000088800000, 0x0000000088900000|  0%| F|  |TAMS 0x0000000088800000| PB 0x0000000088800000| Untracked |  0
| 105|0x0000000088900000, 0x0000000088900000, 0x0000000088a00000|  0%| F|  |TAMS 0x0000000088900000| PB 0x0000000088900000| Untracked |  0
| 106|0x0000000088a00000, 0x0000000088a00000, 0x0000000088b00000|  0%| F|  |TAMS 0x0000000088a00000| PB 0x0000000088a00000| Untracked |  0
| 107|0x0000000088b00000, 0x0000000088b00000, 0x0000000088c00000|  0%| F|  |TAMS 0x0000000088b00000| PB 0x0000000088b00000| Untracked |  0
| 108|0x0000000088c00000, 0x0000000088c00000, 0x0000000088d00000|  0%| F|  |TAMS 0x0000000088c00000| PB 0x0000000088c00000| Untracked |  0
| 109|0x0000000088d00000, 0x0000000088d00000, 0x0000000088e00000|  0%| F|  |TAMS 0x0000000088d00000| PB 0x0000000088d00000| Untracked |  0
| 110|0x0000000088e00000, 0x0000000088e00000, 0x0000000088f00000|  0%| F|  |TAMS 0x0000000088e00000| PB 0x0000000088e00000| Untracked |  0
| 111|0x0000000088f00000, 0x0000000088f00000, 0x0000000089000000|  0%| F|  |TAMS 0x0000000088f00000| PB 0x0000000088f00000| Untracked |  0
| 112|0x0000000089000000, 0x0000000089100000, 0x0000000089100000|100%| E|  |TAMS 0x0000000089000000| PB 0x0000000089000000| Complete |  0
| 113|0x0000000089100000, 0x0000000089200000, 0x0000000089200000|100%| E|CS|TAMS 0x0000000089100000| PB 0x0000000089100000| Complete |  0
| 114|0x0000000089200000, 0x0000000089300000, 0x0000000089300000|100%| E|CS|TAMS 0x0000000089200000| PB 0x0000000089200000| Complete |  0
| 115|0x0000000089300000, 0x0000000089400000, 0x0000000089400000|100%| E|CS|TAMS 0x0000000089300000| PB 0x0000000089300000| Complete |  0
| 116|0x0000000089400000, 0x0000000089500000, 0x0000000089500000|100%| E|CS|TAMS 0x0000000089400000| PB 0x0000000089400000| Complete |  0
| 117|0x0000000089500000, 0x0000000089600000, 0x0000000089600000|100%| E|CS|TAMS 0x0000000089500000| PB 0x0000000089500000| Complete |  0
| 118|0x0000000089600000, 0x0000000089700000, 0x0000000089700000|100%| E|CS|TAMS 0x0000000089600000| PB 0x0000000089600000| Complete |  0
| 119|0x0000000089700000, 0x0000000089800000, 0x0000000089800000|100%| E|CS|TAMS 0x0000000089700000| PB 0x0000000089700000| Complete |  0
| 120|0x0000000089800000, 0x0000000089900000, 0x0000000089900000|100%| E|CS|TAMS 0x0000000089800000| PB 0x0000000089800000| Complete |  0
| 121|0x0000000089900000, 0x0000000089a00000, 0x0000000089a00000|100%| E|CS|TAMS 0x0000000089900000| PB 0x0000000089900000| Complete |  0
| 122|0x0000000089a00000, 0x0000000089b00000, 0x0000000089b00000|100%| E|CS|TAMS 0x0000000089a00000| PB 0x0000000089a00000| Complete |  0
| 123|0x0000000089b00000, 0x0000000089c00000, 0x0000000089c00000|100%| E|CS|TAMS 0x0000000089b00000| PB 0x0000000089b00000| Complete |  0
| 124|0x0000000089c00000, 0x0000000089d00000, 0x0000000089d00000|100%| E|CS|TAMS 0x0000000089c00000| PB 0x0000000089c00000| Complete |  0
| 125|0x0000000089d00000, 0x0000000089e00000, 0x0000000089e00000|100%| E|CS|TAMS 0x0000000089d00000| PB 0x0000000089d00000| Complete |  0

Card table byte_map: [0x0000027ef8560000,0x0000027ef8950000] _byte_map_base: 0x0000027ef8150000

Marking Bits: (CMBitMap*) 0x0000027eee737900
 Bits: [0x0000027ef8950000, 0x0000027efa8d0000)

Polling page: 0x0000027eedeb0000

Metaspace:

Usage:
  Non-class:     11.27 MB used.
      Class:      1.39 MB used.
       Both:     12.66 MB used.

Virtual space:
  Non-class space:       64.00 MB reserved,      11.44 MB ( 18%) committed,  1 nodes.
      Class space:        1.00 GB reserved,       1.50 MB ( <1%) committed,  1 nodes.
             Both:        1.06 GB reserved,      12.94 MB (  1%) committed. 

Chunk freelists:
   Non-Class:  4.50 MB
       Class:  14.54 MB
        Both:  19.04 MB

MaxMetaspaceSize: unlimited
CompressedClassSpaceSize: 1.00 GB
Initial GC threshold: 21.00 MB
Current GC threshold: 21.00 MB
CDS: on
 - commit_granule_bytes: 65536.
 - commit_granule_words: 8192.
 - virtual_space_node_default_size: 8388608.
 - enlarge_chunks_in_place: 1.
 - use_allocation_guard: 0.


Internal statistics:

num_allocs_failed_limit: 0.
num_arena_births: 156.
num_arena_deaths: 0.
num_vsnodes_births: 2.
num_vsnodes_deaths: 0.
num_space_committed: 207.
num_space_uncommitted: 0.
num_chunks_returned_to_freelist: 0.
num_chunks_taken_from_freelist: 213.
num_chunk_merges: 0.
num_chunk_splits: 122.
num_chunks_enlarged: 53.
num_inconsistent_stats: 0.

CodeHeap 'non-profiled nmethods': size=120064Kb used=1630Kb max_used=1630Kb free=118433Kb
 bounds [0x0000027e87ac0000, 0x0000027e87d30000, 0x0000027e8f000000]
CodeHeap 'profiled nmethods': size=120000Kb used=4851Kb max_used=4851Kb free=115148Kb
 bounds [0x0000027e80000000, 0x0000027e804c0000, 0x0000027e87530000]
CodeHeap 'non-nmethods': size=5696Kb used=1625Kb max_used=1682Kb free=4070Kb
 bounds [0x0000027e87530000, 0x0000027e877a0000, 0x0000027e87ac0000]
CodeCache: size=245760Kb, used=8106Kb, max_used=8163Kb, free=237651Kb
 total_blobs=3867, nmethods=3175, adapters=597, full_count=0
Compilation: enabled, stopped_count=0, restarted_count=0

Compilation events (20 events):
Event: 76.112 Thread 0x0000027efcdb73f0 3169       4       javax.swing.plaf.synth.SynthPanelUI::paintBorder (17 bytes)
Event: 76.115 Thread 0x0000027efcdb73f0 nmethod 3169 0x0000027e87c50c88 code [0x0000027e87c50dc0, 0x0000027e87c50fb0]
Event: 76.146 Thread 0x0000027efcdb73f0 3170       4       javax.swing.JRootPane::isOptimizedDrawingEnabled (16 bytes)
Event: 76.147 Thread 0x0000027efcdb73f0 nmethod 3170 0x0000027e87c51088 code [0x0000027e87c511a0, 0x0000027e87c51278]
Event: 76.159 Thread 0x0000027efcdb73f0 3171   !   4       javax.swing.JComponent::paintToOffscreen (108 bytes)
Event: 76.187 Thread 0x0000027efcdb73f0 nmethod 3171 0x0000027e87c51388 code [0x0000027e87c515a0, 0x0000027e87c527c8]
Event: 76.728 Thread 0x0000027efcdb73f0 3172       4       javax.swing.JLayeredPane::paint (77 bytes)
Event: 76.729 Thread 0x0000027efcdb73f0 nmethod 3172 0x0000027e87c52908 code [0x0000027e87c52a20, 0x0000027e87c52af8]
Event: 76.750 Thread 0x0000027efcdb73f0 3173       4       javax.swing.plaf.synth.SynthRootPaneUI::update (37 bytes)
Event: 76.774 Thread 0x0000027efcdb73f0 nmethod 3173 0x0000027e87c52c08 code [0x0000027e87c52e00, 0x0000027e87c537f0]
Event: 76.774 Thread 0x0000027efcdb73f0 3174       4       javax.swing.plaf.nimbus.SynthPainterImpl::paintRootPaneBackground (15 bytes)
Event: 76.775 Thread 0x0000027efcdb73f0 nmethod 3174 0x0000027e87c53988 code [0x0000027e87c53aa0, 0x0000027e87c53b58]
Event: 77.082 Thread 0x0000027efcdb73f0 3175       4       javax.swing.plaf.nimbus.SynthPainterImpl::paintRootPaneBorder (15 bytes)
Event: 77.084 Thread 0x0000027efcdb73f0 nmethod 3175 0x0000027e87c53c88 code [0x0000027e87c53da0, 0x0000027e87c53ef0]
Event: 77.904 Thread 0x0000027efcdb73f0 3176       4       javax.swing.plaf.synth.SynthRootPaneUI::getContext (11 bytes)
Event: 77.918 Thread 0x0000027efcdb73f0 nmethod 3176 0x0000027e87c53f88 code [0x0000027e87c54140, 0x0000027e87c548b8]
Event: 78.225 Thread 0x0000027efcdb73f0 3177       4       javax.swing.plaf.synth.SynthRootPaneUI::paintBorder (17 bytes)
Event: 78.227 Thread 0x0000027efcdb73f0 nmethod 3177 0x0000027e87c54988 code [0x0000027e87c54ac0, 0x0000027e87c54cb0]
Event: 122.459 Thread 0x0000027efcdb73f0 3178 % !   4       javax.swing.RepaintManager$PaintManager::paintDoubleBufferedImpl @ 59 (294 bytes)
Event: 122.513 Thread 0x0000027efcdb73f0 nmethod 3178% 0x0000027e87c54d88 code [0x0000027e87c54fe0, 0x0000027e87c57a70]

GC Heap History (12 events):
Event: 2.142 GC heap before
{Heap before GC invocations=0 (full 0):
 garbage-first heap   total reserved 2064384K, committed 129024K, used 18432K [0x0000000082000000, 0x0000000100000000)
  region size 1024K, 14 young (14336K), 0 survivors (0K)
 Metaspace       used 11617K, committed 11840K, reserved 1114112K
  class space    used 1368K, committed 1472K, reserved 1048576K
}
Event: 2.156 GC heap after
{Heap after GC invocations=1 (full 0):
 garbage-first heap   total reserved 2064384K, committed 129024K, used 9600K [0x0000000082000000, 0x0000000100000000)
  region size 1024K, 2 young (2048K), 2 survivors (2048K)
 Metaspace       used 11617K, committed 11840K, reserved 1114112K
  class space    used 1368K, committed 1472K, reserved 1048576K
}
Event: 8.206 GC heap before
{Heap before GC invocations=1 (full 0):
 garbage-first heap   total reserved 2064384K, committed 129024K, used 20864K [0x0000000082000000, 0x0000000100000000)
  region size 1024K, 13 young (13312K), 2 survivors (2048K)
 Metaspace       used 12529K, committed 12800K, reserved 1114112K
  class space    used 1410K, committed 1536K, reserved 1048576K
}
Event: 8.221 GC heap after
{Heap after GC invocations=2 (full 0):
 garbage-first heap   total reserved 2064384K, committed 129024K, used 10432K [0x0000000082000000, 0x0000000100000000)
  region size 1024K, 1 young (1024K), 1 survivors (1024K)
 Metaspace       used 12529K, committed 12800K, reserved 1114112K
  class space    used 1410K, committed 1536K, reserved 1048576K
}
Event: 27.205 GC heap before
{Heap before GC invocations=2 (full 0):
 garbage-first heap   total reserved 2064384K, committed 129024K, used 41152K [0x0000000082000000, 0x0000000100000000)
  region size 1024K, 31 young (31744K), 1 survivors (1024K)
 Metaspace       used 12902K, committed 13184K, reserved 1114112K
  class space    used 1417K, committed 1536K, reserved 1048576K
}
Event: 27.211 GC heap after
{Heap after GC invocations=3 (full 0):
 garbage-first heap   total reserved 2064384K, committed 129024K, used 10401K [0x0000000082000000, 0x0000000100000000)
  region size 1024K, 1 young (1024K), 1 survivors (1024K)
 Metaspace       used 12902K, committed 13184K, reserved 1114112K
  class space    used 1417K, committed 1536K, reserved 1048576K
}
Event: 90.149 GC heap before
{Heap before GC invocations=3 (full 0):
 garbage-first heap   total reserved 2064384K, committed 129024K, used 57505K [0x0000000082000000, 0x0000000100000000)
  region size 1024K, 42 young (43008K), 1 survivors (1024K)
 Metaspace       used 12959K, committed 13248K, reserved 1114112K
  class space    used 1419K, committed 1536K, reserved 1048576K
}
Event: 90.151 GC heap after
{Heap after GC invocations=4 (full 0):
 garbage-first heap   total reserved 2064384K, committed 129024K, used 15412K [0x0000000082000000, 0x0000000100000000)
  region size 1024K, 1 young (1024K), 1 survivors (1024K)
 Metaspace       used 12959K, committed 13248K, reserved 1114112K
  class space    used 1419K, committed 1536K, reserved 1048576K
}
Event: 130.729 GC heap before
{Heap before GC invocations=4 (full 0):
 garbage-first heap   total reserved 2064384K, committed 129024K, used 75828K [0x0000000082000000, 0x0000000100000000)
  region size 1024K, 60 young (61440K), 1 survivors (1024K)
 Metaspace       used 12959K, committed 13248K, reserved 1114112K
  class space    used 1419K, committed 1536K, reserved 1048576K
}
Event: 130.730 GC heap after
{Heap after GC invocations=5 (full 0):
 garbage-first heap   total reserved 2064384K, committed 129024K, used 15411K [0x0000000082000000, 0x0000000100000000)
  region size 1024K, 1 young (1024K), 1 survivors (1024K)
 Metaspace       used 12959K, committed 13248K, reserved 1114112K
  class space    used 1419K, committed 1536K, reserved 1048576K
}
Event: 176.026 GC heap before
{Heap before GC invocations=5 (full 0):
 garbage-first heap   total reserved 2064384K, committed 129024K, used 80947K [0x0000000082000000, 0x0000000100000000)
  region size 1024K, 65 young (66560K), 1 survivors (1024K)
 Metaspace       used 12959K, committed 13248K, reserved 1114112K
  class space    used 1419K, committed 1536K, reserved 1048576K
}
Event: 176.028 GC heap after
{Heap after GC invocations=6 (full 0):
 garbage-first heap   total reserved 2064384K, committed 129024K, used 15387K [0x0000000082000000, 0x0000000100000000)
  region size 1024K, 1 young (1024K), 1 survivors (1024K)
 Metaspace       used 12959K, committed 13248K, reserved 1114112K
  class space    used 1419K, committed 1536K, reserved 1048576K
}

Dll operation events (8 events):
Event: 0.011 Loaded shared library C:\Program Files\Zulu\zulu-23\bin\java.dll
Event: 0.048 Loaded shared library C:\Program Files\Zulu\zulu-23\bin\jsvml.dll
Event: 0.095 Loaded shared library C:\Program Files\Zulu\zulu-23\bin\net.dll
Event: 0.097 Loaded shared library C:\Program Files\Zulu\zulu-23\bin\nio.dll
Event: 0.150 Loaded shared library C:\Program Files\Zulu\zulu-23\bin\jimage.dll
Event: 0.171 Loaded shared library C:\Program Files\Zulu\zulu-23\bin\awt.dll
Event: 0.388 Loaded shared library C:\Program Files\Zulu\zulu-23\bin\freetype.dll
Event: 0.390 Loaded shared library C:\Program Files\Zulu\zulu-23\bin\fontmanager.dll

Deoptimization events (20 events):
Event: 25.502 Thread 0x0000027ed410a880 DEOPT PACKING pc=0x0000027e80472dcb sp=0x000000c0c4efc9d0
Event: 25.502 Thread 0x0000027ed410a880 DEOPT UNPACKING pc=0x0000027e87584b22 sp=0x000000c0c4efbdd0 mode 0
Event: 25.568 Thread 0x0000027ed410a880 DEOPT PACKING pc=0x0000027e80472daa sp=0x000000c0c4efc9d0
Event: 25.568 Thread 0x0000027ed410a880 DEOPT UNPACKING pc=0x0000027e87584b22 sp=0x000000c0c4efbdc8 mode 0
Event: 26.374 Thread 0x0000027ed410a880 DEOPT PACKING pc=0x0000027e802a4795 sp=0x000000c0c4efca30
Event: 26.374 Thread 0x0000027ed410a880 DEOPT UNPACKING pc=0x0000027e87584b22 sp=0x000000c0c4efbef0 mode 0
Event: 29.201 Thread 0x0000027ed410a880 DEOPT PACKING pc=0x0000027e802f45f1 sp=0x000000c0c4efeaf0
Event: 29.201 Thread 0x0000027ed410a880 DEOPT UNPACKING pc=0x0000027e87584b22 sp=0x000000c0c4efdf80 mode 0
Event: 69.137 Thread 0x0000027ed410b5a0 Uncommon trap: trap_request=0xffffff45 fr.pc=0x0000027e87bfc334 relative=0x00000000000038d4
Event: 69.137 Thread 0x0000027ed410b5a0 Uncommon trap: reason=unstable_if action=reinterpret pc=0x0000027e87bfc334 method=java.awt.EventQueue.getPriority(Ljava/awt/AWTEvent;)I @ 4 c2
Event: 69.137 Thread 0x0000027ed410b5a0 DEOPT PACKING pc=0x0000027e87bfc334 sp=0x000000c0c4dfc0d0
Event: 69.137 Thread 0x0000027ed410b5a0 DEOPT UNPACKING pc=0x0000027e87584402 sp=0x000000c0c4dfbf88 mode 2
Event: 69.137 Thread 0x0000027ed410b5a0 Uncommon trap: trap_request=0xffffff45 fr.pc=0x0000027e87c0f624 relative=0x00000000000000a4
Event: 69.137 Thread 0x0000027ed410b5a0 Uncommon trap: reason=unstable_if action=reinterpret pc=0x0000027e87c0f624 method=java.awt.EventQueue.eventToCacheIndex(Ljava/awt/AWTEvent;)I @ 71 c2
Event: 69.137 Thread 0x0000027ed410b5a0 DEOPT PACKING pc=0x0000027e87c0f624 sp=0x000000c0c4dfbe40
Event: 69.137 Thread 0x0000027ed410b5a0 DEOPT UNPACKING pc=0x0000027e87584402 sp=0x000000c0c4dfbde0 mode 2
Event: 70.325 Thread 0x0000027ed410a880 Uncommon trap: trap_request=0xffffff6e fr.pc=0x0000027e87c39960 relative=0x0000000000003720
Event: 70.325 Thread 0x0000027ed410a880 Uncommon trap: reason=loop_limit_check action=maybe_recompile pc=0x0000027e87c39960 method=javax.swing.JComponent.paintChildren(Ljava/awt/Graphics;)V @ 172 c2
Event: 70.326 Thread 0x0000027ed410a880 DEOPT PACKING pc=0x0000027e87c39960 sp=0x000000c0c4efdf40
Event: 70.326 Thread 0x0000027ed410a880 DEOPT UNPACKING pc=0x0000027e87584402 sp=0x000000c0c4efdef0 mode 2

Classes loaded (20 events):
Event: 20.154 Loading class javax/swing/text/JTextComponent$InputMethodRequestsHandler
Event: 20.154 Loading class javax/swing/text/JTextComponent$InputMethodRequestsHandler done
Event: 20.161 Loading class javax/swing/TimerQueue
Event: 20.161 Loading class javax/swing/TimerQueue done
Event: 20.162 Loading class java/util/concurrent/DelayQueue
Event: 20.162 Loading class java/util/concurrent/BlockingQueue
Event: 20.163 Loading class java/util/concurrent/BlockingQueue done
Event: 20.163 Loading class java/util/concurrent/DelayQueue done
Event: 20.164 Loading class java/util/PriorityQueue
Event: 20.164 Loading class java/util/PriorityQueue done
Event: 20.168 Loading class javax/swing/TimerQueue$DelayedTimer
Event: 20.168 Loading class java/util/concurrent/Delayed
Event: 20.168 Loading class java/util/concurrent/Delayed done
Event: 20.168 Loading class javax/swing/TimerQueue$DelayedTimer done
Event: 20.683 Loading class javax/swing/Timer$1
Event: 20.684 Loading class javax/swing/Timer$1 done
Event: 69.136 Loading class sun/awt/windows/WComponentPeer$1
Event: 69.136 Loading class sun/awt/windows/WComponentPeer$1 done
Event: 69.152 Loading class sun/java2d/opengl/OGLSurfaceData
Event: 69.152 Loading class sun/java2d/opengl/OGLSurfaceData done

Classes unloaded (0 events):
No events

Classes redefined (0 events):
No events

Internal exceptions (20 events):
Event: 0.466 Thread 0x0000027eec4c11a0 Exception <a 'java/lang/ClassNotFoundException'{0x0000000089845a58}: Tree> (0x0000000089845a58) 
thrown [s\src\hotspot\share\classfile\systemDictionary.cpp, line 313]
Event: 0.466 Thread 0x0000027eec4c11a0 Exception <a 'java/lang/ClassNotFoundException'{0x0000000089845f50}: Tree> (0x0000000089845f50) 
thrown [s\src\hotspot\share\classfile\systemDictionary.cpp, line 313]
Event: 0.466 Thread 0x0000027eec4c11a0 Exception <a 'java/lang/ClassNotFoundException'{0x00000000898462c0}: javax/swing/JTreeCell> (0x00000000898462c0) 
thrown [s\src\hotspot\share\classfile\systemDictionary.cpp, line 313]
Event: 0.466 Thread 0x0000027eec4c11a0 Exception <a 'java/lang/ClassNotFoundException'{0x00000000898465c8}: TreeCell> (0x00000000898465c8) 
thrown [s\src\hotspot\share\classfile\systemDictionary.cpp, line 313]
Event: 0.467 Thread 0x0000027eec4c11a0 Exception <a 'java/lang/ClassNotFoundException'{0x0000000089846d80}: RootPane> (0x0000000089846d80) 
thrown [s\src\hotspot\share\classfile\systemDictionary.cpp, line 313]
Event: 0.471 Thread 0x0000027eec4c11a0 Exception <a 'java/lang/ClassNotFoundException'{0x0000000089849e78}: com/sun/swing/internal/plaf/metal/resources/spi/metalProvider> (0x0000000089849e78) 
thrown [s\src\hotspot\share\classfile\systemDictionary.cpp, line 313]
Event: 0.472 Thread 0x0000027eec4c11a0 Exception <a 'java/lang/ClassNotFoundException'{0x000000008984db88}: com/sun/swing/internal/plaf/basic/resources/spi/basicProvider> (0x000000008984db88) 
thrown [s\src\hotspot\share\classfile\systemDictionary.cpp, line 313]
Event: 0.511 Thread 0x0000027ed410a880 Exception <a 'java/lang/ClassNotFoundException'{0x00000000898ec0a8}: com/sun/swing/internal/plaf/synth/resources/spi/synthProvider> (0x00000000898ec0a8) 
thrown [s\src\hotspot\share\classfile\systemDictionary.cpp, line 313]
Event: 0.551 Thread 0x0000027ed410a880 Exception <a 'java/lang/NoSuchMethodError'{0x00000000897778d0}: 'int java.lang.invoke.Invokers$Holder.invokeExact_MT(java.lang.Object, java.lang.Object)'> (0x00000000897778d0) 
thrown [s\src\hotspot\share\interpreter\linkResolver.cpp, line 796]
Event: 0.558 Thread 0x0000027ed410a880 Exception <a 'java/lang/NoSuchMethodError'{0x000000008977f990}: 'java.lang.Object java.lang.invoke.DirectMethodHandle$Holder.newInvokeSpecial(java.lang.Object, java.lang.Object, int)'> (0x000000008977f990) 
thrown [s\src\hotspot\share\interpreter\linkResolver.cpp, line 796]
Event: 0.561 Thread 0x0000027ed410a880 Exception <a 'java/lang/NoSuchMethodError'{0x0000000089793f10}: 'java.lang.Object java.lang.invoke.DirectMethodHandle$Holder.invokeStatic(java.lang.Object, java.lang.Object, java.lang.Object, java.lang.Object, int)'> (0x0000000089793f10) 
thrown [s\src\hotspot\share\interpreter\linkResolver.cpp, line 796]
Event: 0.563 Thread 0x0000027ed410a880 Exception <a 'java/lang/NoSuchMethodError'{0x000000008979c538}: 'int java.lang.invoke.DirectMethodHandle$Holder.invokeSpecial(java.lang.Object, java.lang.Object, java.lang.Object)'> (0x000000008979c538) 
thrown [s\src\hotspot\share\interpreter\linkResolver.cpp, line 796]
Event: 0.966 Thread 0x0000027ed410b5a0 Exception <a 'java/lang/NoSuchMethodError'{0x0000000089ae5890}: 'void java.lang.invoke.DirectMethodHandle$Holder.invokeVirtual(java.lang.Object, java.lang.Object)'> (0x0000000089ae5890) 
thrown [s\src\hotspot\share\interpreter\linkResolver.cpp, line 796]
Event: 1.004 Thread 0x0000027ed410a880 Exception <a 'java/lang/NoSuchMethodError'{0x00000000895babc8}: 'void java.lang.invoke.DirectMethodHandle$Holder.invokeStaticInit(java.lang.Object)'> (0x00000000895babc8) 
thrown [s\src\hotspot\share\interpreter\linkResolver.cpp, line 796]
Event: 4.246 Thread 0x0000027ed410a880 Implicit null exception at 0x0000027e87b4f051 to 0x0000027e87b4f667
Event: 4.246 Thread 0x0000027ed410a880 Implicit null exception at 0x0000027e87b4f051 to 0x0000027e87b4f667
Event: 4.246 Thread 0x0000027ed410a880 Implicit null exception at 0x0000027e87b4d768 to 0x0000027e87b4de83
Event: 4.246 Thread 0x0000027ed410a880 Implicit null exception at 0x0000027e87b4f051 to 0x0000027e87b4f667
Event: 4.247 Thread 0x0000027ed410a880 Implicit null exception at 0x0000027e87b4d768 to 0x0000027e87b4de83
Event: 6.991 Thread 0x0000027ed410a880 Implicit null exception at 0x0000027e87b42ace to 0x0000027e87b42b78

VM Operations (20 events):
Event: 2.199 Executing VM operation: HandshakeAllThreads (Deoptimize)
Event: 2.199 Executing VM operation: HandshakeAllThreads (Deoptimize) done
Event: 2.246 Executing VM operation: HandshakeAllThreads (Deoptimize)
Event: 2.246 Executing VM operation: HandshakeAllThreads (Deoptimize) done
Event: 6.990 Executing VM operation: HandshakeAllThreads (Deoptimize)
Event: 6.990 Executing VM operation: HandshakeAllThreads (Deoptimize) done
Event: 8.206 Executing VM operation: G1CollectForAllocation (G1 Evacuation Pause)
Event: 8.221 Executing VM operation: G1CollectForAllocation (G1 Evacuation Pause) done
Event: 27.205 Executing VM operation: G1CollectForAllocation (G1 Evacuation Pause)
Event: 27.211 Executing VM operation: G1CollectForAllocation (G1 Evacuation Pause) done
Event: 60.246 Executing VM operation: HandshakeAllThreads (HandshakeForDeflation)
Event: 60.246 Executing VM operation: HandshakeAllThreads (HandshakeForDeflation) done
Event: 60.246 Executing VM operation: RendezvousGCThreads
Event: 60.246 Executing VM operation: RendezvousGCThreads done
Event: 90.149 Executing VM operation: G1CollectForAllocation (G1 Evacuation Pause)
Event: 90.151 Executing VM operation: G1CollectForAllocation (G1 Evacuation Pause) done
Event: 130.729 Executing VM operation: G1CollectForAllocation (G1 Evacuation Pause)
Event: 130.730 Executing VM operation: G1CollectForAllocation (G1 Evacuation Pause) done
Event: 176.026 Executing VM operation: G1CollectForAllocation (G1 Evacuation Pause)
Event: 176.028 Executing VM operation: G1CollectForAllocation (G1 Evacuation Pause) done

Memory protections (0 events):
No events

Nmethod flushes (0 events):
No events

Events (20 events):
Event: 0.251 Thread 0x0000027eec4c11a0 Thread added: 0x0000027ed410b5a0
Event: 0.493 Thread 0x0000027eec4c11a0 Thread added: 0x0000027ed410a880
Event: 0.493 Thread 0x0000027eec4c11a0 Thread exited: 0x0000027eec4c11a0
Event: 0.493 Thread 0x0000027ed410af10 Thread added: 0x0000027ed410af10
Event: 2.351 Thread 0x0000027ed4233dc0 Thread exited: 0x0000027ed4233dc0
Event: 3.646 Thread 0x0000027efcdb7ea0 Thread added: 0x0000027ed42f7ea0
Event: 4.220 Thread 0x0000027ed42f7ea0 Thread exited: 0x0000027ed42f7ea0
Event: 4.267 Thread 0x0000027efcdb7ea0 Thread added: 0x0000027ed42fae50
Event: 4.811 Thread 0x0000027ed42fae50 Thread exited: 0x0000027ed42fae50
Event: 5.136 Thread 0x0000027efcdb7ea0 Thread added: 0x0000027ed42f8c40
Event: 5.480 Thread 0x0000027ed42f8c40 Thread exited: 0x0000027ed42f8c40
Event: 7.051 Thread 0x0000027efcdb7ea0 Thread added: 0x0000027ed42f8c40
Event: 7.593 Thread 0x0000027ed42f8c40 Thread exited: 0x0000027ed42f8c40
Event: 8.200 Thread 0x0000027efcdb7ea0 Thread added: 0x0000027ed42f8c40
Event: 8.793 Thread 0x0000027ed42f8c40 Thread exited: 0x0000027ed42f8c40
Event: 19.988 Thread 0x0000027efcdb7ea0 Thread added: 0x0000027ed42fb520
Event: 20.167 Thread 0x0000027ed410a880 Thread added: 0x0000027ed63b6c80
Event: 20.556 Thread 0x0000027ed42fb520 Thread exited: 0x0000027ed42fb520
Event: 21.633 Thread 0x0000027efcdb7ea0 Thread added: 0x0000027ed42f8c40
Event: 22.668 Thread 0x0000027ed42f8c40 Thread exited: 0x0000027ed42f8c40


Dynamic libraries:
0x00007ff6cf880000 - 0x00007ff6cf88e000 	C:\Program Files\Zulu\zulu-23\bin\java.exe
0x00007fff4cb50000 - 0x00007fff4cd48000 	C:\Windows\SYSTEM32\ntdll.dll
0x00007fff4b3c0000 - 0x00007fff4b482000 	C:\Windows\System32\KERNEL32.DLL
0x00007fff4a620000 - 0x00007fff4a91f000 	C:\Windows\System32\KERNELBASE.dll
0x00007fff4a350000 - 0x00007fff4a450000 	C:\Windows\System32\ucrtbase.dll
0x00007fff40890000 - 0x00007fff408ab000 	C:\Program Files\Zulu\zulu-23\bin\VCRUNTIME140.dll
0x00007fff437e0000 - 0x00007fff437f7000 	C:\Program Files\Zulu\zulu-23\bin\jli.dll
0x00007fff4c5b0000 - 0x00007fff4c74d000 	C:\Windows\System32\USER32.dll
0x00007fff4a5f0000 - 0x00007fff4a612000 	C:\Windows\System32\win32u.dll
0x00007fff49540000 - 0x00007fff497da000 	C:\Windows\WinSxS\amd64_microsoft.windows.common-controls_6595b64144ccf1df_6.0.19041.4355_none_60b8b9eb71f62e16\COMCTL32.dll
0x00007fff4c7b0000 - 0x00007fff4c7db000 	C:\Windows\System32\GDI32.dll
0x00007fff4ca40000 - 0x00007fff4cade000 	C:\Windows\System32\msvcrt.dll
0x00007fff4a1e0000 - 0x00007fff4a2f7000 	C:\Windows\System32\gdi32full.dll
0x00007fff4a550000 - 0x00007fff4a5ed000 	C:\Windows\System32\msvcp_win.dll
0x00007fff4cae0000 - 0x00007fff4cb0f000 	C:\Windows\System32\IMM32.DLL
0x00007fff450f0000 - 0x00007fff450fc000 	C:\Program Files\Zulu\zulu-23\bin\vcruntime140_1.dll
0x00007fff0e760000 - 0x00007fff0e7ee000 	C:\Program Files\Zulu\zulu-23\bin\msvcp140.dll
0x00007fff112e0000 - 0x00007fff120b7000 	C:\Program Files\Zulu\zulu-23\bin\server\jvm.dll
0x00007fff4af90000 - 0x00007fff4b041000 	C:\Windows\System32\ADVAPI32.dll
0x00007fff4c9a0000 - 0x00007fff4ca3f000 	C:\Windows\System32\sechost.dll
0x00007fff4c480000 - 0x00007fff4c5a3000 	C:\Windows\System32\RPCRT4.dll
0x00007fff4a920000 - 0x00007fff4a947000 	C:\Windows\System32\bcrypt.dll
0x00007fff4c7e0000 - 0x00007fff4c84b000 	C:\Windows\System32\WS2_32.dll
0x00007fff4a040000 - 0x00007fff4a08b000 	C:\Windows\SYSTEM32\POWRPROF.dll
0x00007fff34380000 - 0x00007fff343a7000 	C:\Windows\SYSTEM32\WINMM.dll
0x00007fff37fa0000 - 0x00007fff37faa000 	C:\Windows\SYSTEM32\VERSION.dll
0x00007fff4a020000 - 0x00007fff4a032000 	C:\Windows\SYSTEM32\UMPDC.dll
0x00007fff48380000 - 0x00007fff48392000 	C:\Windows\SYSTEM32\kernel.appcore.dll
0x00007fff44820000 - 0x00007fff4482a000 	C:\Program Files\Zulu\zulu-23\bin\jimage.dll
0x00007fff49930000 - 0x00007fff49b14000 	C:\Windows\SYSTEM32\DBGHELP.DLL
0x00007fff498f0000 - 0x00007fff49924000 	C:\Windows\SYSTEM32\dbgcore.DLL
0x00007fff4a450000 - 0x00007fff4a4d2000 	C:\Windows\System32\bcryptPrimitives.dll
0x00007fff33eb0000 - 0x00007fff33ece000 	C:\Program Files\Zulu\zulu-23\bin\java.dll
0x00007fff4c850000 - 0x00007fff4c97b000 	C:\Windows\System32\ole32.dll
0x00007fff4b050000 - 0x00007fff4b3a5000 	C:\Windows\System32\combase.dll
0x00007fff4bc60000 - 0x00007fff4c3ce000 	C:\Windows\System32\SHELL32.dll
0x00007fff47a80000 - 0x00007fff48224000 	C:\Windows\SYSTEM32\windows.storage.dll
0x00007fff493f0000 - 0x00007fff4941f000 	C:\Windows\SYSTEM32\Wldp.dll
0x00007fff4abc0000 - 0x00007fff4ac8d000 	C:\Windows\System32\OLEAUT32.dll
0x00007fff4bba0000 - 0x00007fff4bc4d000 	C:\Windows\System32\SHCORE.dll
0x00007fff4ad70000 - 0x00007fff4adc5000 	C:\Windows\System32\shlwapi.dll
0x00007fff4a110000 - 0x00007fff4a134000 	C:\Windows\SYSTEM32\profapi.dll
0x00007fff10610000 - 0x00007fff106e7000 	C:\Program Files\Zulu\zulu-23\bin\jsvml.dll
0x00007fff43680000 - 0x00007fff43690000 	C:\Program Files\Zulu\zulu-23\bin\net.dll
0x00007fff49360000 - 0x00007fff493ca000 	C:\Windows\system32\mswsock.dll
0x00007fff25f90000 - 0x00007fff25fa6000 	C:\Program Files\Zulu\zulu-23\bin\nio.dll
0x00007fff0e7f0000 - 0x00007fff0e97d000 	C:\Program Files\Zulu\zulu-23\bin\awt.dll
0x00007fff45630000 - 0x00007fff456c4000 	C:\Windows\SYSTEM32\apphelp.dll
0x00007fff469c0000 - 0x00007fff46a5e000 	C:\Windows\system32\uxtheme.dll
0x00007fff4ae70000 - 0x00007fff4af85000 	C:\Windows\System32\MSCTF.dll
0x00007fff46e60000 - 0x00007fff46e8f000 	C:\Windows\system32\DWMAPI.DLL
0x00007fff0de90000 - 0x00007fff0df17000 	C:\Program Files\Zulu\zulu-23\bin\freetype.dll
0x00007fff0ddb0000 - 0x00007fff0de89000 	C:\Program Files\Zulu\zulu-23\bin\fontmanager.dll
0x00007fff36a40000 - 0x00007fff36b68000 	C:\Windows\system32\opengl32.dll
0x00007fff364f0000 - 0x00007fff3651c000 	C:\Windows\SYSTEM32\GLU32.dll
0x00007fff4c3d0000 - 0x00007fff4c479000 	C:\Windows\System32\clbcatq.dll
0x00007fff464e0000 - 0x00007fff46694000 	C:\Windows\SYSTEM32\WindowsCodecs.dll
0x00007fff28390000 - 0x00007fff283ce000 	C:\Windows\system32\dataexchange.dll
0x00007fff42d30000 - 0x00007fff42f93000 	C:\Windows\system32\d3d11.dll
0x00007fff43b90000 - 0x00007fff43d74000 	C:\Windows\system32\dcomp.dll
0x00007fff483f0000 - 0x00007fff484e6000 	C:\Windows\system32\dxgi.dll
0x00007fff3fb10000 - 0x00007fff3fd13000 	C:\Windows\system32\twinapi.appcore.dll
0x00007fff3f9e0000 - 0x00007fff3fad9000 	C:\Windows\SYSTEM32\textinputframework.dll
0x00007fff444a0000 - 0x00007fff447fb000 	C:\Windows\System32\CoreUIComponents.dll
0x00007fff44900000 - 0x00007fff449f2000 	C:\Windows\System32\CoreMessaging.dll
0x00007fff49d50000 - 0x00007fff49d83000 	C:\Windows\SYSTEM32\ntmarta.dll
0x00007fff453e0000 - 0x00007fff45537000 	C:\Windows\SYSTEM32\wintypes.dll
0x00007fff332c0000 - 0x00007fff3336e000 	C:\Windows\SYSTEM32\TextShaping.dll

dbghelp: loaded successfully - version: 4.0.5 - missing functions: none
symbol engine: initialized successfully - sym options: 0x614 - pdb path: .;C:\Program Files\Zulu\zulu-23\bin;C:\Windows\SYSTEM32;C:\Windows\WinSxS\amd64_microsoft.windows.common-controls_6595b64144ccf1df_6.0.19041.4355_none_60b8b9eb71f62e16;C:\Program Files\Zulu\zulu-23\bin\server

VM Arguments:
jvm_args: -Dfile.encoding=UTF-8 --module-path=D:\Java Project\Student_Registaion_System\build\classes 
java_command: Students.Admin
java_class_path (initial): D:\Java Project\Student_Registaion_System\build\classes
Launcher Type: SUN_STANDARD

[Global flags]
     intx CICompilerCount                          = 3                                         {product} {ergonomic}
     uint ConcGCThreads                            = 1                                         {product} {ergonomic}
     uint G1ConcRefinementThreads                  = 4                                         {product} {ergonomic}
   size_t G1HeapRegionSize                         = 1048576                                   {product} {ergonomic}
   size_t InitialHeapSize                          = 132120576                                 {product} {ergonomic}
   size_t MarkStackSize                            = 4194304                                   {product} {ergonomic}
   size_t MarkStackSizeMax                         = 536870912                                 {product} {ergonomic}
   size_t MaxHeapSize                              = 2113929216                                {product} {ergonomic}
   size_t MaxNewSize                               = 1267728384                                {product} {ergonomic}
   size_t MinHeapDeltaBytes                        = 1048576                                   {product} {ergonomic}
   size_t MinHeapSize                              = 8388608                                   {product} {ergonomic}
    uintx NonNMethodCodeHeapSize                   = 5832704                                {pd product} {ergonomic}
    uintx NonProfiledCodeHeapSize                  = 122945536                              {pd product} {ergonomic}
    uintx ProfiledCodeHeapSize                     = 122880000                              {pd product} {ergonomic}
    uintx ReservedCodeCacheSize                    = 251658240                              {pd product} {ergonomic}
     bool SegmentedCodeCache                       = true                                      {product} {ergonomic}
   size_t SoftMaxHeapSize                          = 2113929216                             {manageable} {ergonomic}
     bool UseCompressedOops                        = true                           {product lp64_product} {ergonomic}
     bool UseG1GC                                  = true                                      {product} {ergonomic}
     bool UseLargePagesIndividualAllocation        = false                                  {pd product} {ergonomic}

Logging:
Log output configuration:
 #0: stdout all=warning uptime,level,tags foldmultilines=false
 #1: stderr all=off uptime,level,tags foldmultilines=false

Environment Variables:
JAVA_HOME=C:\Program Files\Zulu\zulu-17\
PATH=C:\Python311\Scripts;C:\Python311;C:\Program Files\Zulu\zulu-17\bin\;C:\Program Files\Zulu\zulu-23\bin\;C:\Python3\Lib\site-packages\PyQt5;C:\Python311\Lib\site-packages\PyQt4;C:\Program Files\Common Files\Oracle\Java\javapath;C:\Program Files (x86)\Common Files\Oracle\Java\java8path;C:\Program Files (x86)\Common Files\Oracle\Java\javapath;C:\Windows\system32;C:\Windows;C:\Windows\System32\Wbem;C:\Windows\System32\WindowsPowerShell\v1.0\;C:\Windows\System32\OpenSSH\;C:\Program Files\nodejs\;C:\Program Files\dotnet\;C:\Program Files\MySQL\MySQL Utilities 1.6\;C:\xampp\php;C:\ProgramData\ComposerSetup\bin;C:\Program Files\Git\cmd;c:\page;C:\Program Files\CodeBlocks\MinGW\bin;C:\Users\Kalhara\AppData\Local\Microsoft\WindowsApps;C:\Users\Kalhara\AppData\Roaming\npm;C:\Users\Kalhara\AppData\Local\Programs\Microsoft VS Code\bin;C:\xampp\php;C:\Users\Kalhara\AppData\Roaming\Composer\vendor\bin;C:\Python311\Scripts;C:\Program Files\CodeBlocks\MinGW\bin;C:\Python311\Scripts;C:\Python311;
USERNAME=Kalhara
OS=Windows_NT
PROCESSOR_IDENTIFIER=Intel64 Family 6 Model 142 Stepping 9, GenuineIntel
TMP=C:\Users\Kalhara\AppData\Local\Temp
TEMP=C:\Users\Kalhara\AppData\Local\Temp




Periodic native trim disabled

---------------  S Y S T E M  ---------------

OS:
 Windows 10 , 64 bit Build 19041 (10.0.19041.5198)
OS uptime: 0 days 3:22 hours

CPU: total 4 (initial active 4) (2 cores per cpu, 2 threads per core) family 6 model 142 stepping 9 microcode 0xec, cx8, cmov, fxsr, ht, mmx, 3dnowpref, sse, sse2, sse3, ssse3, sse4.1, sse4.2, popcnt, lzcnt, tsc, tscinvbit, avx, avx2, aes, erms, clmul, bmi1, bmi2, adx, fma, vzeroupper, clflush, clflushopt, rdtscp, f16c
Processor Information for the first 4 processors :
  Max Mhz: 2400, Current Mhz: 2400, Mhz Limit: 2400

Memory: 4k page, system-wide physical 8057M (4072M free)
TotalPageFile size 11385M (AvailPageFile size 7091M)
current process WorkingSet (physical memory assigned to process): 152M, peak: 152M
current process commit charge ("private bytes"): 226M, peak: 247M

vm_info: OpenJDK 64-Bit Server VM (23.0.2+7) for windows-amd64 JRE (23.0.2+7) (Zulu23.32+11-CA), built on 2024-12-23T17:35:06Z with MS VC++ 17.1 (VS2022)

END.
